[    2532ms] [INFO] %cDownload the React DevTools for a better development experience: https://reactjs.org/link/react-devtools font-weight:bold @ webpack-internal:///(app-pages-browser)/./node_modules/next/dist/compiled/react-dom/cjs/react-dom.development.js:38559
[    5930ms] [LOG] [Fast Refresh] rebuilding @ webpack-internal:///(app-pages-browser)/./node_modules/next/dist/client/components/react-dev-overlay/app/hot-reloader-client.js:186
[    6080ms] [LOG] [Fast Refresh] done in 152ms @ webpack-internal:///(app-pages-browser)/./node_modules/next/dist/client/components/react-dev-overlay/app/hot-reloader-client.js:43
[   12356ms] [ERROR] Failed to load resource: the server responded with a status of 401 () @ https://hpsdzbwtcezqwvlvjolu.supabase.co/rest/v1/waitlist?select=*:0
[   13716ms] [ERROR] Failed to load resource: the server responded with a status of 401 () @ https://hpsdzbwtcezqwvlvjolu.supabase.co/rest/v1/waitlist?select=*:0
[   23444ms] [LOG] [Fast Refresh] rebuilding @ webpack-internal:///(app-pages-browser)/./node_modules/next/dist/client/components/react-dev-overlay/app/hot-reloader-client.js:186
[   64658ms] [ERROR] Failed to load resource: the server responded with a status of 401 () @ https://hpsdzbwtcezqwvlvjolu.supabase.co/rest/v1/waitlist?select=*:0
[   91529ms] [INFO] %cDownload the React DevTools for a better development experience: https://reactjs.org/link/react-devtools font-weight:bold @ webpack-internal:///(app-pages-browser)/./node_modules/next/dist/compiled/react-dom/cjs/react-dom.development.js:38559
[   98967ms] [ERROR] Failed to load resource: the server responded with a status of 401 () @ https://hpsdzbwtcezqwvlvjolu.supabase.co/rest/v1/waitlist?select=*:0
[  104487ms] [ERROR] Failed to load resource: the server responded with a status of 401 () @ https://hpsdzbwtcezqwvlvjolu.supabase.co/rest/v1/waitlist?select=*:0
[  108430ms] [ERROR] Failed to load resource: the server responded with a status of 401 () @ https://hpsdzbwtcezqwvlvjolu.supabase.co/rest/v1/waitlist?select=*:0
[  139271ms] [LOG] [Fast Refresh] rebuilding @ webpack-internal:///(app-pages-browser)/./node_modules/next/dist/client/components/react-dev-overlay/app/hot-reloader-client.js:186
[  140153ms] [LOG] [Fast Refresh] done in 895ms @ webpack-internal:///(app-pages-browser)/./node_modules/next/dist/client/components/react-dev-overlay/app/hot-reloader-client.js:43
[  140181ms] [LOG] [Fast Refresh] rebuilding @ webpack-internal:///(app-pages-browser)/./node_modules/next/dist/client/components/react-dev-overlay/app/hot-reloader-client.js:186
[  140272ms] [ERROR] Failed to load resource: the server responded with a status of 404 (Not Found) @ http://localhost:3002/_next/static/webpack/dd66fc269b19928a.webpack.hot-update.json:0
[  140623ms] [INFO] %cDownload the React DevTools for a better development experience: https://reactjs.org/link/react-devtools font-weight:bold @ webpack-internal:///(app-pages-browser)/./node_modules/next/dist/compiled/react-dom/cjs/react-dom.development.js:38559
[  205619ms] [ERROR] Failed to load resource: the server responded with a status of 401 () @ https://hpsdzbwtcezqwvlvjolu.supabase.co/rest/v1/waitlist?select=*:0
[  206996ms] [ERROR] Failed to load resource: the server responded with a status of 401 () @ https://hpsdzbwtcezqwvlvjolu.supabase.co/rest/v1/waitlist?select=*:0
[  271481ms] [LOG] [Fast Refresh] rebuilding @ webpack-internal:///(app-pages-browser)/./node_modules/next/dist/client/components/react-dev-overlay/app/hot-reloader-client.js:186
[  271934ms] [LOG] [Fast Refresh] done in 454ms @ webpack-internal:///(app-pages-browser)/./node_modules/next/dist/client/components/react-dev-overlay/app/hot-reloader-client.js:43
[  300238ms] [INFO] %cDownload the React DevTools for a better development experience: https://reactjs.org/link/react-devtools font-weight:bold @ webpack-internal:///(app-pages-browser)/./node_modules/next/dist/compiled/react-dom/cjs/react-dom.development.js:38559
